#
# A fatal error has been detected by the Java Runtime Environment:
#
#  SIGFPE (0x8) at pc=0x00000001166a67e8, pid=2212, tid=6915
#
# JRE version: Java(TM) SE Runtime Environment (16.0+36) (build 16+36-2231)
# Java VM: Java HotSpot(TM) 64-Bit Server VM (16+36-2231, mixed mode, sharing, tiered, compressed oops, g1 gc, bsd-amd64)
# Problematic frame:
# j  Main.count(II)J+0
#
# No core dump will be written. Core dumps have been disabled. To enable core dumping, try "ulimit -c unlimited" before starting Java again
#
# If you would like to submit a bug report, please visit:
#   https://bugreport.java.com/bugreport/crash.jsp
#

---------------  S U M M A R Y ------------

Command Line: -Dfile.encoding=UTF-8 -XX:+ShowCodeDetailsInExceptionMessages Main

Host: MacBookAir10,1 x86_64 2400 MHz, 8 cores, 16G, Darwin 20.3.0, macOS 10.16 (20D91)
Time: Wed Apr 14 17:21:50 2021 KST elapsed time: 4.782349 seconds (0d 0h 0m 4s)

---------------  T H R E A D  ---------------

Current thread (0x00007fd40701c000):  JavaThread "main" [_thread_in_Java, id=6915, stack(0x000000030446c000,0x000000030456c000)]

Stack: [0x000000030446c000,0x000000030456c000],  sp=0x000000030456ba50,  free space=1022k
Native frames: (J=compiled Java code, A=aot compiled Java code, j=interpreted, Vv=VM code, C=native code)
j  Main.count(II)J+0
j  Main.main([Ljava/lang/String;)V+54
v  ~StubRoutines::call_stub
V  [libjvm.dylib+0x508672]  JavaCalls::call_helper(JavaValue*, methodHandle const&, JavaCallArguments*, Thread*)+0x2d2
V  [libjvm.dylib+0x56d778]  jni_invoke_static(JNIEnv_*, JavaValue*, _jobject*, JNICallType, _jmethodID*, JNI_ArgumentPusher*, Thread*)+0x148
V  [libjvm.dylib+0x570d31]  jni_CallStaticVoidMethod+0x181
C  [libjli.dylib+0x4e9f]  JavaMain+0xbff
C  [libjli.dylib+0x7519]  ThreadJavaMain+0x9
C  [libsystem_pthread.dylib+0x6950]  _pthread_start+0xe0
C  [libsystem_pthread.dylib+0x247b]  thread_start+0xf


siginfo: si_signo: 8 (SIGFPE), si_code: 5 (FPE_FLTINV), si_addr: 0x00000001166a67e8

Register to memory mapping:

RAX=0x0000000077359400 is an unknown value
RBX=0x000000000000006c is an unknown value
RCX=0x0 is NULL
RDX=0x0 is NULL
RSP=0x000000030456ba50 is pointing into the stack for thread: 0x00007fd40701c000
RBP=0x000000030456baa8 is pointing into the stack for thread: 0x00007fd40701c000
RSI=0x0000000000000002 is an unknown value
RDI=0x00007fd406611660 points into unknown readable memory: 0x00000001314006c0 | c0 06 40 31 01 00 00 00
R8 =0x0000000000025333 is an unknown value
R9 =0xffffffff00000000 is an unknown value
R10=0x000000010d4b4b30: _ZN19TemplateInterpreter13_active_tableE+0x2000 in /Library/Java/JavaVirtualMachines/jdk-16.jdk/Contents/Home/lib/server/libjvm.dylib at 0x000000010c800000
R11=0x0 is NULL
R12=0x0 is NULL
R13=0x0000000131400754 is pointing into metadata
R14=0x000000030456bad8 is pointing into the stack for thread: 0x00007fd40701c000
R15=0x00007fd40701c000 is a thread


Registers:
RAX=0x0000000077359400, RBX=0x000000000000006c, RCX=0x0000000000000000, RDX=0x0000000000000000
RSP=0x000000030456ba50, RBP=0x000000030456baa8, RSI=0x0000000000000002, RDI=0x00007fd406611660
R8 =0x0000000000025333, R9 =0xffffffff00000000, R10=0x000000010d4b4b30, R11=0x0000000000000000
R12=0x0000000000000000, R13=0x0000000131400754, R14=0x000000030456bad8, R15=0x00007fd40701c000
RIP=0x00000001166a67e8, EFLAGS=0x0000000000000a87, ERR=0x0000000000000000
  TRAPNO=0x0000000000000000

Top of Stack: (sp=0x000000030456ba50)
0x000000030456ba50:   00000000773593f3 0000000000000000
0x000000030456ba60:   000000030456ba60 0000000131400748
0x000000030456ba70:   000000030456bad8 0000000131400808
0x000000030456ba80:   0000000000000000 000000070fe19c30
0x000000030456ba90:   00000001314007a8 0000000000000000
0x000000030456baa0:   000000030456bad0 000000030456bb28
0x000000030456bab0:   000000011669d37a 0000000000000000
0x000000030456bac0:   00000000773593f3 0000000000000000
0x000000030456bad0:   0000000000000002 0000000077359400
0x000000030456bae0:   000000030456bae0 0000000131400626
0x000000030456baf0:   000000030456bb48 0000000131400808
0x000000030456bb00:   0000000000000000 000000070fe19c30
0x000000030456bb10:   00000001314006c0 000000030456bad0
0x000000030456bb20:   000000030456bb48 000000030456bbb0
0x000000030456bb30:   0000000116694cc7 000000070fe20cd8
0x000000030456bb40:   000000070fe1a768 000000070fe1a5a0
0x000000030456bb50:   0000000000001fa1 00007fd40701c000
0x000000030456bb60:   000000030456bcf0 000000030456bea0
0x000000030456bb70:   000000030456bcd8 0000000000000001
0x000000030456bb80:   000000030456bc10 000000030456bea8
0x000000030456bb90:   75007b060000000a 00000001314006c0
0x000000030456bba0:   00000001166a0900 000000030456bcf8
0x000000030456bbb0:   000000030456bca0 000000010cd08672
0x000000030456bbc0:   0000000000000001 00007fd40701c000
0x000000030456bbd0:   0000000000000000 00007fd40701c000
0x000000030456bbe0:   00007fd406610f50 00007fd406610f90
0x000000030456bbf0:   00007fd406610fa0 00007fd406611078
0x000000030456bc00:   00000000000000d8 00007fd406611080
0x000000030456bc10:   00007fd40701c000 00007fd406611e20
0x000000030456bc20:   00000001314006c0 0000000000000000
0x000000030456bc30:   0000000000000000 0000000000000000
0x000000030456bc40:   0000000000000000 0000000000000000 

Instructions: (pc=0x00000001166a67e8)
0x00000001166a66e8:   86 85 2f 0d 01 00 00 00 6a 00 00 00 00 00 00 00
0x00000001166a66f8:   00 00 00 00 00 00 00 00 f3 0f 10 04 24 48 83 c4
0x00000001166a6708:   08 f3 0f 59 04 24 48 83 c4 08 41 0f b6 5d 01 49
0x00000001166a6718:   ff c5 49 ba 30 5b 4b 0d 01 00 00 00 41 ff 24 da
0x00000001166a6728:   00 00 00 00 00 00 00 00 00 00 00 00 00 00 00 00
0x00000001166a6738:   00 00 00 00 00 00 00 00 60 00 00 00 00 00 00 00
0x00000001166a6748:   8b 85 2f 0d 01 00 00 00 6b 00 00 00 00 00 00 00
0x00000001166a6758:   00 00 00 00 00 00 00 00 f2 0f 10 04 24 48 83 c4
0x00000001166a6768:   10 f2 0f 59 04 24 48 83 c4 10 41 0f b6 5d 01 49
0x00000001166a6778:   ff c5 49 ba 30 63 4b 0d 01 00 00 00 41 ff 24 da
0x00000001166a6788:   00 00 00 00 00 00 00 00 00 00 00 00 00 00 00 00
0x00000001166a6798:   00 00 00 00 00 00 00 00 60 00 00 00 00 00 00 00
0x00000001166a67a8:   90 85 2f 0d 01 00 00 00 6c 00 00 00 00 00 00 00
0x00000001166a67b8:   00 00 00 00 00 00 00 00 8b 04 24 48 83 c4 08 8b
0x00000001166a67c8:   c8 8b 04 24 48 83 c4 08 81 f8 00 00 00 80 0f 85
0x00000001166a67d8:   0b 00 00 00 33 d2 83 f9 ff 0f 84 03 00 00 00 99
0x00000001166a67e8:   f7 f9 41 0f b6 5d 01 49 ff c5 49 ba 30 4b 4b 0d
0x00000001166a67f8:   01 00 00 00 41 ff 24 da 80 00 00 00 00 00 00 00
0x00000001166a6808:   95 85 2f 0d 01 00 00 00 6d 00 00 00 00 00 00 00
0x00000001166a6818:   00 00 00 00 00 00 00 00 48 8b 04 24 48 83 c4 10
0x00000001166a6828:   48 8b c8 48 8b 04 24 48 83 c4 10 48 85 c9 0f 84
0x00000001166a6838:   bf 9d ff ff 48 3b 05 7d 2b cd f6 0f 85 0c 00 00
0x00000001166a6848:   00 33 d2 48 83 f9 ff 0f 84 05 00 00 00 48 99 48
0x00000001166a6858:   f7 f9 41 0f b6 5d 01 49 ff c5 49 ba 30 53 4b 0d
0x00000001166a6868:   01 00 00 00 41 ff 24 da 00 00 00 00 00 00 00 00
0x00000001166a6878:   00 00 00 00 00 00 00 00 60 00 00 00 00 00 00 00
0x00000001166a6888:   9a 85 2f 0d 01 00 00 00 6e 00 00 00 00 00 00 00
0x00000001166a6898:   00 00 00 00 00 00 00 00 f3 0f 10 04 24 48 83 c4
0x00000001166a68a8:   08 0f 28 c8 f3 0f 10 04 24 48 83 c4 08 f3 0f 5e
0x00000001166a68b8:   c1 41 0f b6 5d 01 49 ff c5 49 ba 30 5b 4b 0d 01
0x00000001166a68c8:   00 00 00 41 ff 24 da 90 00 00 00 00 00 00 00 00
0x00000001166a68d8:   00 00 00 00 00 00 00 00 60 00 00 00 00 00 00 00 


Stack slot to memory mapping:
stack at sp + 0 slots: 0x00000000773593f3 is an unknown value
stack at sp + 1 slots: 0x0 is NULL
stack at sp + 2 slots: 0x000000030456ba60 is pointing into the stack for thread: 0x00007fd40701c000
stack at sp + 3 slots: 0x0000000131400748 is pointing into metadata
stack at sp + 4 slots: 0x000000030456bad8 is pointing into the stack for thread: 0x00007fd40701c000
stack at sp + 5 slots: 0x0000000131400808 is pointing into metadata
stack at sp + 6 slots: 0x0 is NULL
stack at sp + 7 slots: 0x000000070fe19c30 is an oop: java.lang.Class 
{0x000000070fe19c30} - klass: 'java/lang/Class'

idiv  108 idiv  [0x00000001166a67c0, 0x00000001166a6800]  64 bytes
[MachCode]
  0x00000001166a67c0: 8b04 2448 | 83c4 088b | c88b 0424 | 4883 c408 | 81f8 0000 | 0080 0f85 | 0b00 0000 | 33d2 83f9 
  0x00000001166a67e0: ff0f 8403 | 0000 0099 | f7f9 410f | b65d 0149 | ffc5 49ba | 304b 4b0d | 0100 0000 | 41ff 24da 
[/MachCode]

---------------  P R O C E S S  ---------------

Threads class SMR info:
_java_thread_list=0x00007fd40670adc0, length=11, elements={
0x00007fd40701c000, 0x00007fd407063600, 0x00007fd407065e00, 0x00007fd407064400,
0x00007fd4068b3a00, 0x00007fd4068b4000, 0x00007fd407818a00, 0x00007fd407064a00,
0x00007fd407063c00, 0x00007fd3f6809800, 0x00007fd407843200
}

Java Threads: ( => current thread )
=>0x00007fd40701c000 JavaThread "main" [_thread_in_Java, id=6915, stack(0x000000030446c000,0x000000030456c000)]
  0x00007fd407063600 JavaThread "Reference Handler" daemon [_thread_blocked, id=43359, stack(0x0000000304b81000,0x0000000304c81000)]
  0x00007fd407065e00 JavaThread "Finalizer" daemon [_thread_blocked, id=42755, stack(0x0000000304c84000,0x0000000304d84000)]
  0x00007fd407064400 JavaThread "Signal Dispatcher" daemon [_thread_blocked, id=40451, stack(0x0000000304e97000,0x0000000304f97000)]
  0x00007fd4068b3a00 JavaThread "Service Thread" daemon [_thread_blocked, id=40195, stack(0x0000000304f9a000,0x000000030509a000)]
  0x00007fd4068b4000 JavaThread "Monitor Deflation Thread" daemon [_thread_blocked, id=24579, stack(0x000000030509d000,0x000000030519d000)]
  0x00007fd407818a00 JavaThread "C2 CompilerThread0" daemon [_thread_blocked, id=24835, stack(0x00000003051a0000,0x00000003052a0000)]
  0x00007fd407064a00 JavaThread "C1 CompilerThread0" daemon [_thread_blocked, id=25347, stack(0x00000003052a3000,0x00000003053a3000)]
  0x00007fd407063c00 JavaThread "Sweeper thread" daemon [_thread_blocked, id=39427, stack(0x00000003053a6000,0x00000003054a6000)]
  0x00007fd3f6809800 JavaThread "Notification Thread" daemon [_thread_blocked, id=26415, stack(0x00000003054a9000,0x00000003055a9000)]
  0x00007fd407843200 JavaThread "Common-Cleaner" daemon [_thread_blocked, id=26911, stack(0x00000003056af000,0x00000003057af000)]

Other Threads:
  0x00007fd3f6405f40 VMThread "VM Thread" [stack: 0x0000000304a7e000,0x0000000304b7e000] [id=15619]
  0x00007fd3f640d810 WatcherThread [stack: 0x00000003055ac000,0x00000003056ac000] [id=26627]
  0x00007fd406620ab0 GCTaskThread "GC Thread#0" [stack: 0x000000030456f000,0x000000030466f000] [id=18179]
  0x00007fd4067045a0 ConcurrentGCThread "G1 Main Marker" [stack: 0x0000000304672000,0x0000000304772000] [id=13571]
  0x00007fd4067054b0 ConcurrentGCThread "G1 Conc#0" [stack: 0x0000000304775000,0x0000000304875000] [id=13827]
  0x00007fd40642ccd0 ConcurrentGCThread "G1 Refine#0" [stack: 0x0000000304878000,0x0000000304978000] [id=14083]
  0x00007fd40642db40 ConcurrentGCThread "G1 Service" [stack: 0x000000030497b000,0x0000000304a7b000] [id=16387]

Threads with active compile tasks:

VM state: not at safepoint (normal execution)

VM Mutex/Monitor currently owned by a thread: None

Heap address: 0x0000000700000000, size: 4096 MB, Compressed Oops mode: Zero based, Oop shift amount: 3
CDS archive(s) mapped at: [0x0000000800000000-0x0000000800bba000-0x0000000800bba000), size 12296192, SharedBaseAddress: 0x0000000800000000, ArchiveRelocationMode: 0.
Compressed class space mapped at: 0x0000000800c00000-0x0000000840c00000, reserved size: 1073741824
Narrow klass base: 0x0000000800000000, Narrow klass shift: 3, Narrow klass range: 0x100000000

GC Precious Log:
 CPUs: 8 total, 8 available
 Memory: 16384M
 Large Page Support: Disabled
 NUMA Support: Disabled
 Compressed Oops: Enabled (Zero based)
 Heap Region Size: 2M
 Heap Min Capacity: 8M
 Heap Initial Capacity: 256M
 Heap Max Capacity: 4G
 Pre-touch: Disabled
 Parallel Workers: 8
 Concurrent Workers: 2
 Concurrent Refinement Workers: 8
 Periodic GC: Disabled

Heap:
 garbage-first heap   total 266240K, used 1992K [0x0000000700000000, 0x0000000800000000)
  region size 2048K, 1 young (2048K), 0 survivors (0K)
 Metaspace       used 147K, committed 384K, reserved 1056768K
  class space    used 7K, committed 128K, reserved 1048576K

Heap Regions: E=young(eden), S=young(survivor), O=old, HS=humongous(starts), HC=humongous(continues), CS=collection set, F=free, OA=open archive, CA=closed archive, TAMS=top-at-mark-start (previous, next)
|   0|0x0000000700000000, 0x0000000700000000, 0x0000000700200000|  0%| F|  |TAMS 0x0000000700000000, 0x0000000700000000| Untracked 
|   1|0x0000000700200000, 0x0000000700200000, 0x0000000700400000|  0%| F|  |TAMS 0x0000000700200000, 0x0000000700200000| Untracked 
|   2|0x0000000700400000, 0x0000000700400000, 0x0000000700600000|  0%| F|  |TAMS 0x0000000700400000, 0x0000000700400000| Untracked 
|   3|0x0000000700600000, 0x0000000700600000, 0x0000000700800000|  0%| F|  |TAMS 0x0000000700600000, 0x0000000700600000| Untracked 
|   4|0x0000000700800000, 0x0000000700800000, 0x0000000700a00000|  0%| F|  |TAMS 0x0000000700800000, 0x0000000700800000| Untracked 
|   5|0x0000000700a00000, 0x0000000700a00000, 0x0000000700c00000|  0%| F|  |TAMS 0x0000000700a00000, 0x0000000700a00000| Untracked 
|   6|0x0000000700c00000, 0x0000000700c00000, 0x0000000700e00000|  0%| F|  |TAMS 0x0000000700c00000, 0x0000000700c00000| Untracked 
|   7|0x0000000700e00000, 0x0000000700e00000, 0x0000000701000000|  0%| F|  |TAMS 0x0000000700e00000, 0x0000000700e00000| Untracked 
|   8|0x0000000701000000, 0x0000000701000000, 0x0000000701200000|  0%| F|  |TAMS 0x0000000701000000, 0x0000000701000000| Untracked 
|   9|0x0000000701200000, 0x0000000701200000, 0x0000000701400000|  0%| F|  |TAMS 0x0000000701200000, 0x0000000701200000| Untracked 
|  10|0x0000000701400000, 0x0000000701400000, 0x0000000701600000|  0%| F|  |TAMS 0x0000000701400000, 0x0000000701400000| Untracked 
|  11|0x0000000701600000, 0x0000000701600000, 0x0000000701800000|  0%| F|  |TAMS 0x0000000701600000, 0x0000000701600000| Untracked 
|  12|0x0000000701800000, 0x0000000701800000, 0x0000000701a00000|  0%| F|  |TAMS 0x0000000701800000, 0x0000000701800000| Untracked 
|  13|0x0000000701a00000, 0x0000000701a00000, 0x0000000701c00000|  0%| F|  |TAMS 0x0000000701a00000, 0x0000000701a00000| Untracked 
|  14|0x0000000701c00000, 0x0000000701c00000, 0x0000000701e00000|  0%| F|  |TAMS 0x0000000701c00000, 0x0000000701c00000| Untracked 
|  15|0x0000000701e00000, 0x0000000701e00000, 0x0000000702000000|  0%| F|  |TAMS 0x0000000701e00000, 0x0000000701e00000| Untracked 
|  16|0x0000000702000000, 0x0000000702000000, 0x0000000702200000|  0%| F|  |TAMS 0x0000000702000000, 0x0000000702000000| Untracked 
|  17|0x0000000702200000, 0x0000000702200000, 0x0000000702400000|  0%| F|  |TAMS 0x0000000702200000, 0x0000000702200000| Untracked 
|  18|0x0000000702400000, 0x0000000702400000, 0x0000000702600000|  0%| F|  |TAMS 0x0000000702400000, 0x0000000702400000| Untracked 
|  19|0x0000000702600000, 0x0000000702600000, 0x0000000702800000|  0%| F|  |TAMS 0x0000000702600000, 0x0000000702600000| Untracked 
|  20|0x0000000702800000, 0x0000000702800000, 0x0000000702a00000|  0%| F|  |TAMS 0x0000000702800000, 0x0000000702800000| Untracked 
|  21|0x0000000702a00000, 0x0000000702a00000, 0x0000000702c00000|  0%| F|  |TAMS 0x0000000702a00000, 0x0000000702a00000| Untracked 
|  22|0x0000000702c00000, 0x0000000702c00000, 0x0000000702e00000|  0%| F|  |TAMS 0x0000000702c00000, 0x0000000702c00000| Untracked 
|  23|0x0000000702e00000, 0x0000000702e00000, 0x0000000703000000|  0%| F|  |TAMS 0x0000000702e00000, 0x0000000702e00000| Untracked 
|  24|0x0000000703000000, 0x0000000703000000, 0x0000000703200000|  0%| F|  |TAMS 0x0000000703000000, 0x0000000703000000| Untracked 
|  25|0x0000000703200000, 0x0000000703200000, 0x0000000703400000|  0%| F|  |TAMS 0x0000000703200000, 0x0000000703200000| Untracked 
|  26|0x0000000703400000, 0x0000000703400000, 0x0000000703600000|  0%| F|  |TAMS 0x0000000703400000, 0x0000000703400000| Untracked 
|  27|0x0000000703600000, 0x0000000703600000, 0x0000000703800000|  0%| F|  |TAMS 0x0000000703600000, 0x0000000703600000| Untracked 
|  28|0x0000000703800000, 0x0000000703800000, 0x0000000703a00000|  0%| F|  |TAMS 0x0000000703800000, 0x0000000703800000| Untracked 
|  29|0x0000000703a00000, 0x0000000703a00000, 0x0000000703c00000|  0%| F|  |TAMS 0x0000000703a00000, 0x0000000703a00000| Untracked 
|  30|0x0000000703c00000, 0x0000000703c00000, 0x0000000703e00000|  0%| F|  |TAMS 0x0000000703c00000, 0x0000000703c00000| Untracked 
|  31|0x0000000703e00000, 0x0000000703e00000, 0x0000000704000000|  0%| F|  |TAMS 0x0000000703e00000, 0x0000000703e00000| Untracked 
|  32|0x0000000704000000, 0x0000000704000000, 0x0000000704200000|  0%| F|  |TAMS 0x0000000704000000, 0x0000000704000000| Untracked 
|  33|0x0000000704200000, 0x0000000704200000, 0x0000000704400000|  0%| F|  |TAMS 0x0000000704200000, 0x0000000704200000| Untracked 
|  34|0x0000000704400000, 0x0000000704400000, 0x0000000704600000|  0%| F|  |TAMS 0x0000000704400000, 0x0000000704400000| Untracked 
|  35|0x0000000704600000, 0x0000000704600000, 0x0000000704800000|  0%| F|  |TAMS 0x0000000704600000, 0x0000000704600000| Untracked 
|  36|0x0000000704800000, 0x0000000704800000, 0x0000000704a00000|  0%| F|  |TAMS 0x0000000704800000, 0x0000000704800000| Untracked 
|  37|0x0000000704a00000, 0x0000000704a00000, 0x0000000704c00000|  0%| F|  |TAMS 0x0000000704a00000, 0x0000000704a00000| Untracked 
|  38|0x0000000704c00000, 0x0000000704c00000, 0x0000000704e00000|  0%| F|  |TAMS 0x0000000704c00000, 0x0000000704c00000| Untracked 
|  39|0x0000000704e00000, 0x0000000704e00000, 0x0000000705000000|  0%| F|  |TAMS 0x0000000704e00000, 0x0000000704e00000| Untracked 
|  40|0x0000000705000000, 0x0000000705000000, 0x0000000705200000|  0%| F|  |TAMS 0x0000000705000000, 0x0000000705000000| Untracked 
|  41|0x0000000705200000, 0x0000000705200000, 0x0000000705400000|  0%| F|  |TAMS 0x0000000705200000, 0x0000000705200000| Untracked 
|  42|0x0000000705400000, 0x0000000705400000, 0x0000000705600000|  0%| F|  |TAMS 0x0000000705400000, 0x0000000705400000| Untracked 
|  43|0x0000000705600000, 0x0000000705600000, 0x0000000705800000|  0%| F|  |TAMS 0x0000000705600000, 0x0000000705600000| Untracked 
|  44|0x0000000705800000, 0x0000000705800000, 0x0000000705a00000|  0%| F|  |TAMS 0x0000000705800000, 0x0000000705800000| Untracked 
|  45|0x0000000705a00000, 0x0000000705a00000, 0x0000000705c00000|  0%| F|  |TAMS 0x0000000705a00000, 0x0000000705a00000| Untracked 
|  46|0x0000000705c00000, 0x0000000705c00000, 0x0000000705e00000|  0%| F|  |TAMS 0x0000000705c00000, 0x0000000705c00000| Untracked 
|  47|0x0000000705e00000, 0x0000000705e00000, 0x0000000706000000|  0%| F|  |TAMS 0x0000000705e00000, 0x0000000705e00000| Untracked 
|  48|0x0000000706000000, 0x0000000706000000, 0x0000000706200000|  0%| F|  |TAMS 0x0000000706000000, 0x0000000706000000| Untracked 
|  49|0x0000000706200000, 0x0000000706200000, 0x0000000706400000|  0%| F|  |TAMS 0x0000000706200000, 0x0000000706200000| Untracked 
|  50|0x0000000706400000, 0x0000000706400000, 0x0000000706600000|  0%| F|  |TAMS 0x0000000706400000, 0x0000000706400000| Untracked 
|  51|0x0000000706600000, 0x0000000706600000, 0x0000000706800000|  0%| F|  |TAMS 0x0000000706600000, 0x0000000706600000| Untracked 
|  52|0x0000000706800000, 0x0000000706800000, 0x0000000706a00000|  0%| F|  |TAMS 0x0000000706800000, 0x0000000706800000| Untracked 
|  53|0x0000000706a00000, 0x0000000706a00000, 0x0000000706c00000|  0%| F|  |TAMS 0x0000000706a00000, 0x0000000706a00000| Untracked 
|  54|0x0000000706c00000, 0x0000000706c00000, 0x0000000706e00000|  0%| F|  |TAMS 0x0000000706c00000, 0x0000000706c00000| Untracked 
|  55|0x0000000706e00000, 0x0000000706e00000, 0x0000000707000000|  0%| F|  |TAMS 0x0000000706e00000, 0x0000000706e00000| Untracked 
|  56|0x0000000707000000, 0x0000000707000000, 0x0000000707200000|  0%| F|  |TAMS 0x0000000707000000, 0x0000000707000000| Untracked 
|  57|0x0000000707200000, 0x0000000707200000, 0x0000000707400000|  0%| F|  |TAMS 0x0000000707200000, 0x0000000707200000| Untracked 
|  58|0x0000000707400000, 0x0000000707400000, 0x0000000707600000|  0%| F|  |TAMS 0x0000000707400000, 0x0000000707400000| Untracked 
|  59|0x0000000707600000, 0x0000000707600000, 0x0000000707800000|  0%| F|  |TAMS 0x0000000707600000, 0x0000000707600000| Untracked 
|  60|0x0000000707800000, 0x0000000707800000, 0x0000000707a00000|  0%| F|  |TAMS 0x0000000707800000, 0x0000000707800000| Untracked 
|  61|0x0000000707a00000, 0x0000000707a00000, 0x0000000707c00000|  0%| F|  |TAMS 0x0000000707a00000, 0x0000000707a00000| Untracked 
|  62|0x0000000707c00000, 0x0000000707c00000, 0x0000000707e00000|  0%| F|  |TAMS 0x0000000707c00000, 0x0000000707c00000| Untracked 
|  63|0x0000000707e00000, 0x0000000707e00000, 0x0000000708000000|  0%| F|  |TAMS 0x0000000707e00000, 0x0000000707e00000| Untracked 
|  64|0x0000000708000000, 0x0000000708000000, 0x0000000708200000|  0%| F|  |TAMS 0x0000000708000000, 0x0000000708000000| Untracked 
|  65|0x0000000708200000, 0x0000000708200000, 0x0000000708400000|  0%| F|  |TAMS 0x0000000708200000, 0x0000000708200000| Untracked 
|  66|0x0000000708400000, 0x0000000708400000, 0x0000000708600000|  0%| F|  |TAMS 0x0000000708400000, 0x0000000708400000| Untracked 
|  67|0x0000000708600000, 0x0000000708600000, 0x0000000708800000|  0%| F|  |TAMS 0x0000000708600000, 0x0000000708600000| Untracked 
|  68|0x0000000708800000, 0x0000000708800000, 0x0000000708a00000|  0%| F|  |TAMS 0x0000000708800000, 0x0000000708800000| Untracked 
|  69|0x0000000708a00000, 0x0000000708a00000, 0x0000000708c00000|  0%| F|  |TAMS 0x0000000708a00000, 0x0000000708a00000| Untracked 
|  70|0x0000000708c00000, 0x0000000708c00000, 0x0000000708e00000|  0%| F|  |TAMS 0x0000000708c00000, 0x0000000708c00000| Untracked 
|  71|0x0000000708e00000, 0x0000000708e00000, 0x0000000709000000|  0%| F|  |TAMS 0x0000000708e00000, 0x0000000708e00000| Untracked 
|  72|0x0000000709000000, 0x0000000709000000, 0x0000000709200000|  0%| F|  |TAMS 0x0000000709000000, 0x0000000709000000| Untracked 
|  73|0x0000000709200000, 0x0000000709200000, 0x0000000709400000|  0%| F|  |TAMS 0x0000000709200000, 0x0000000709200000| Untracked 
|  74|0x0000000709400000, 0x0000000709400000, 0x0000000709600000|  0%| F|  |TAMS 0x0000000709400000, 0x0000000709400000| Untracked 
|  75|0x0000000709600000, 0x0000000709600000, 0x0000000709800000|  0%| F|  |TAMS 0x0000000709600000, 0x0000000709600000| Untracked 
|  76|0x0000000709800000, 0x0000000709800000, 0x0000000709a00000|  0%| F|  |TAMS 0x0000000709800000, 0x0000000709800000| Untracked 
|  77|0x0000000709a00000, 0x0000000709a00000, 0x0000000709c00000|  0%| F|  |TAMS 0x0000000709a00000, 0x0000000709a00000| Untracked 
|  78|0x0000000709c00000, 0x0000000709c00000, 0x0000000709e00000|  0%| F|  |TAMS 0x0000000709c00000, 0x0000000709c00000| Untracked 
|  79|0x0000000709e00000, 0x0000000709e00000, 0x000000070a000000|  0%| F|  |TAMS 0x0000000709e00000, 0x0000000709e00000| Untracked 
|  80|0x000000070a000000, 0x000000070a000000, 0x000000070a200000|  0%| F|  |TAMS 0x000000070a000000, 0x000000070a000000| Untracked 
|  81|0x000000070a200000, 0x000000070a200000, 0x000000070a400000|  0%| F|  |TAMS 0x000000070a200000, 0x000000070a200000| Untracked 
|  82|0x000000070a400000, 0x000000070a400000, 0x000000070a600000|  0%| F|  |TAMS 0x000000070a400000, 0x000000070a400000| Untracked 
|  83|0x000000070a600000, 0x000000070a600000, 0x000000070a800000|  0%| F|  |TAMS 0x000000070a600000, 0x000000070a600000| Untracked 
|  84|0x000000070a800000, 0x000000070a800000, 0x000000070aa00000|  0%| F|  |TAMS 0x000000070a800000, 0x000000070a800000| Untracked 
|  85|0x000000070aa00000, 0x000000070aa00000, 0x000000070ac00000|  0%| F|  |TAMS 0x000000070aa00000, 0x000000070aa00000| Untracked 
|  86|0x000000070ac00000, 0x000000070ac00000, 0x000000070ae00000|  0%| F|  |TAMS 0x000000070ac00000, 0x000000070ac00000| Untracked 
|  87|0x000000070ae00000, 0x000000070ae00000, 0x000000070b000000|  0%| F|  |TAMS 0x000000070ae00000, 0x000000070ae00000| Untracked 
|  88|0x000000070b000000, 0x000000070b000000, 0x000000070b200000|  0%| F|  |TAMS 0x000000070b000000, 0x000000070b000000| Untracked 
|  89|0x000000070b200000, 0x000000070b200000, 0x000000070b400000|  0%| F|  |TAMS 0x000000070b200000, 0x000000070b200000| Untracked 
|  90|0x000000070b400000, 0x000000070b400000, 0x000000070b600000|  0%| F|  |TAMS 0x000000070b400000, 0x000000070b400000| Untracked 
|  91|0x000000070b600000, 0x000000070b600000, 0x000000070b800000|  0%| F|  |TAMS 0x000000070b600000, 0x000000070b600000| Untracked 
|  92|0x000000070b800000, 0x000000070b800000, 0x000000070ba00000|  0%| F|  |TAMS 0x000000070b800000, 0x000000070b800000| Untracked 
|  93|0x000000070ba00000, 0x000000070ba00000, 0x000000070bc00000|  0%| F|  |TAMS 0x000000070ba00000, 0x000000070ba00000| Untracked 
|  94|0x000000070bc00000, 0x000000070bc00000, 0x000000070be00000|  0%| F|  |TAMS 0x000000070bc00000, 0x000000070bc00000| Untracked 
|  95|0x000000070be00000, 0x000000070be00000, 0x000000070c000000|  0%| F|  |TAMS 0x000000070be00000, 0x000000070be00000| Untracked 
|  96|0x000000070c000000, 0x000000070c000000, 0x000000070c200000|  0%| F|  |TAMS 0x000000070c000000, 0x000000070c000000| Untracked 
|  97|0x000000070c200000, 0x000000070c200000, 0x000000070c400000|  0%| F|  |TAMS 0x000000070c200000, 0x000000070c200000| Untracked 
|  98|0x000000070c400000, 0x000000070c400000, 0x000000070c600000|  0%| F|  |TAMS 0x000000070c400000, 0x000000070c400000| Untracked 
|  99|0x000000070c600000, 0x000000070c600000, 0x000000070c800000|  0%| F|  |TAMS 0x000000070c600000, 0x000000070c600000| Untracked 
| 100|0x000000070c800000, 0x000000070c800000, 0x000000070ca00000|  0%| F|  |TAMS 0x000000070c800000, 0x000000070c800000| Untracked 
| 101|0x000000070ca00000, 0x000000070ca00000, 0x000000070cc00000|  0%| F|  |TAMS 0x000000070ca00000, 0x000000070ca00000| Untracked 
| 102|0x000000070cc00000, 0x000000070cc00000, 0x000000070ce00000|  0%| F|  |TAMS 0x000000070cc00000, 0x000000070cc00000| Untracked 
| 103|0x000000070ce00000, 0x000000070ce00000, 0x000000070d000000|  0%| F|  |TAMS 0x000000070ce00000, 0x000000070ce00000| Untracked 
| 104|0x000000070d000000, 0x000000070d000000, 0x000000070d200000|  0%| F|  |TAMS 0x000000070d000000, 0x000000070d000000| Untracked 
| 105|0x000000070d200000, 0x000000070d200000, 0x000000070d400000|  0%| F|  |TAMS 0x000000070d200000, 0x000000070d200000| Untracked 
| 106|0x000000070d400000, 0x000000070d400000, 0x000000070d600000|  0%| F|  |TAMS 0x000000070d400000, 0x000000070d400000| Untracked 
| 107|0x000000070d600000, 0x000000070d600000, 0x000000070d800000|  0%| F|  |TAMS 0x000000070d600000, 0x000000070d600000| Untracked 
| 108|0x000000070d800000, 0x000000070d800000, 0x000000070da00000|  0%| F|  |TAMS 0x000000070d800000, 0x000000070d800000| Untracked 
| 109|0x000000070da00000, 0x000000070da00000, 0x000000070dc00000|  0%| F|  |TAMS 0x000000070da00000, 0x000000070da00000| Untracked 
| 110|0x000000070dc00000, 0x000000070dc00000, 0x000000070de00000|  0%| F|  |TAMS 0x000000070dc00000, 0x000000070dc00000| Untracked 
| 111|0x000000070de00000, 0x000000070de00000, 0x000000070e000000|  0%| F|  |TAMS 0x000000070de00000, 0x000000070de00000| Untracked 
| 112|0x000000070e000000, 0x000000070e000000, 0x000000070e200000|  0%| F|  |TAMS 0x000000070e000000, 0x000000070e000000| Untracked 
| 113|0x000000070e200000, 0x000000070e200000, 0x000000070e400000|  0%| F|  |TAMS 0x000000070e200000, 0x000000070e200000| Untracked 
| 114|0x000000070e400000, 0x000000070e400000, 0x000000070e600000|  0%| F|  |TAMS 0x000000070e400000, 0x000000070e400000| Untracked 
| 115|0x000000070e600000, 0x000000070e600000, 0x000000070e800000|  0%| F|  |TAMS 0x000000070e600000, 0x000000070e600000| Untracked 
| 116|0x000000070e800000, 0x000000070e800000, 0x000000070ea00000|  0%| F|  |TAMS 0x000000070e800000, 0x000000070e800000| Untracked 
| 117|0x000000070ea00000, 0x000000070ea00000, 0x000000070ec00000|  0%| F|  |TAMS 0x000000070ea00000, 0x000000070ea00000| Untracked 
| 118|0x000000070ec00000, 0x000000070ec00000, 0x000000070ee00000|  0%| F|  |TAMS 0x000000070ec00000, 0x000000070ec00000| Untracked 
| 119|0x000000070ee00000, 0x000000070ee00000, 0x000000070f000000|  0%| F|  |TAMS 0x000000070ee00000, 0x000000070ee00000| Untracked 
| 120|0x000000070f000000, 0x000000070f000000, 0x000000070f200000|  0%| F|  |TAMS 0x000000070f000000, 0x000000070f000000| Untracked 
| 121|0x000000070f200000, 0x000000070f200000, 0x000000070f400000|  0%| F|  |TAMS 0x000000070f200000, 0x000000070f200000| Untracked 
| 122|0x000000070f400000, 0x000000070f400000, 0x000000070f600000|  0%| F|  |TAMS 0x000000070f400000, 0x000000070f400000| Untracked 
| 123|0x000000070f600000, 0x000000070f600000, 0x000000070f800000|  0%| F|  |TAMS 0x000000070f600000, 0x000000070f600000| Untracked 
| 124|0x000000070f800000, 0x000000070f800000, 0x000000070fa00000|  0%| F|  |TAMS 0x000000070f800000, 0x000000070f800000| Untracked 
| 125|0x000000070fa00000, 0x000000070fa00000, 0x000000070fc00000|  0%| F|  |TAMS 0x000000070fa00000, 0x000000070fa00000| Untracked 
| 126|0x000000070fc00000, 0x000000070fc00000, 0x000000070fe00000|  0%| F|  |TAMS 0x000000070fc00000, 0x000000070fc00000| Untracked 
| 127|0x000000070fe00000, 0x000000070fee1490, 0x0000000710000000| 44%| E|  |TAMS 0x000000070fe00000, 0x000000070fe00000| Complete 
|1534|0x00000007bfc00000, 0x00000007bfd75000, 0x00000007bfe00000| 72%|OA|  |TAMS 0x00000007bfc00000, 0x00000007bfc00000| Untracked 
|1535|0x00000007bfe00000, 0x00000007bfe7d000, 0x00000007c0000000| 24%|CA|  |TAMS 0x00000007bfe00000, 0x00000007bfe00000| Untracked 

Card table byte_map: [0x0000000125e94000,0x0000000126694000] _byte_map_base: 0x0000000122694000

Marking Bits (Prev, Next): (CMBitMap*) 0x00007fd407808210, (CMBitMap*) 0x00007fd407808250
 Prev Bits: [0x0000000126e94000, 0x000000012ae94000)
 Next Bits: [0x000000012ae94000, 0x000000012ee94000)

Polling page: 0x00000001000c1000

Metaspace:

Usage:
  Non-class:    140.34 KB used.
      Class:      7.28 KB used.
       Both:    147.62 KB used.

Virtual space:
  Non-class space:        8.00 MB reserved,     256.00 KB (  3%) committed,  1 nodes.
      Class space:        1.00 GB reserved,     128.00 KB ( <1%) committed,  1 nodes.
              Both:        1.01 GB reserved,     384.00 KB ( <1%) committed. 

Chunk freelists:
   Non-Class:  4.00 MB
       Class:  3.75 MB
        Both:  7.74 MB

MaxMetaspaceSize: 17179869184.00 GB
CompressedClassSpaceSize: 1.00 GB
 - commit_granule_bytes: 65536.
 - commit_granule_words: 8192.
 - virtual_space_node_default_size: 1048576.
 - enlarge_chunks_in_place: 1.
 - new_chunks_are_fully_committed: 0.
 - uncommit_free_chunks: 1.
 - use_allocation_guard: 0.
 - handle_deallocations: 1.


Internal statistics:

num_allocs_failed_limit: 0.
num_arena_births: 4.
num_arena_deaths: 0.
num_vsnodes_births: 2.
num_vsnodes_deaths: 0.
num_space_committed: 6.
num_space_uncommitted: 0.
num_chunks_returned_to_freelist: 0.
num_chunks_taken_from_freelist: 5.
num_chunk_merges: 0.
num_chunk_splits: 2.
num_chunks_enlarged: 0.
num_purges: 0.

CodeHeap 'non-profiled nmethods': size=120028Kb used=0Kb max_used=0Kb free=120028Kb
 bounds [0x000000011e15d000, 0x000000011e3cd000, 0x0000000125694000]
CodeHeap 'profiled nmethods': size=120028Kb used=3Kb max_used=3Kb free=120024Kb
 bounds [0x0000000116c26000, 0x0000000116e96000, 0x000000011e15d000]
CodeHeap 'non-nmethods': size=5704Kb used=1048Kb max_used=1049Kb free=4655Kb
 bounds [0x0000000116694000, 0x0000000116904000, 0x0000000116c26000]
 total_blobs=314 nmethods=4 adapters=226
 compilation: enabled
              stopped_count=0, restarted_count=0
 full_count=0

Compilation events (8 events):
Event: 0.034 Thread 0x00007fd407064a00    1       3       java.lang.Object::<init> (1 bytes)
Event: 0.035 Thread 0x00007fd407064a00 nmethod 1 0x0000000116c26010 code [0x0000000116c261a0, 0x0000000116c262b0]
Event: 0.040 Thread 0x00007fd407064a00    2       3       java.lang.String::coder (15 bytes)
Event: 0.041 Thread 0x00007fd407064a00 nmethod 2 0x0000000116c26390 code [0x0000000116c26520, 0x0000000116c26650]
Event: 0.042 Thread 0x00007fd407064a00    3       3       java.lang.String::length (11 bytes)
Event: 0.044 Thread 0x00007fd407064a00 nmethod 3 0x0000000116c26710 code [0x0000000116c268c0, 0x0000000116c26a50]
Event: 0.046 Thread 0x00007fd407064a00    4       3       java.lang.String::isLatin1 (19 bytes)
Event: 0.046 Thread 0x00007fd407064a00 nmethod 4 0x0000000116c26b10 code [0x0000000116c26ca0, 0x0000000116c26e10]

GC Heap History (0 events):
No events

Deoptimization events (0 events):
No events

Classes unloaded (0 events):
No events

Classes redefined (0 events):
No events

Internal exceptions (0 events):
No events

Events (20 events):
Event: 0.040 loading class jdk/internal/loader/URLClassPath$FileLoader
Event: 0.040 loading class jdk/internal/loader/URLClassPath$FileLoader done
Event: 0.041 loading class jdk/internal/loader/URLClassPath$FileLoader$1
Event: 0.041 loading class jdk/internal/loader/URLClassPath$FileLoader$1 done
Event: 0.042 Thread 0x00007fd407843200 Thread added: 0x00007fd407843200
Event: 0.042 Protecting memory [0x00000003056af000,0x00000003056b3000] with protection modes 0
Event: 0.045 loading class java/io/Reader
Event: 0.045 loading class java/io/Reader done
Event: 0.045 loading class java/io/InputStreamReader
Event: 0.045 loading class java/io/InputStreamReader done
Event: 0.046 loading class java/io/IOException
Event: 0.046 loading class java/io/IOException done
Event: 0.046 loading class java/io/BufferedReader
Event: 0.046 loading class java/io/BufferedReader done
Event: 0.046 loading class sun/nio/cs/StreamDecoder
Event: 0.047 loading class sun/nio/cs/StreamDecoder done
Event: 0.047 loading class sun/nio/cs/UTF_8$Decoder
Event: 0.047 loading class java/nio/charset/CharsetDecoder
Event: 0.047 loading class java/nio/charset/CharsetDecoder done
Event: 0.047 loading class sun/nio/cs/UTF_8$Decoder done


Dynamic libraries:
0x00007ffdfff26000 	/Library/Apple/usr/libexec/oah/runtime
0x00007fff2a5c2000 	/usr/lib/libz.1.dylib
0x0000000108365000 	/Library/Java/JavaVirtualMachines/jdk-16.jdk/Contents/Home/lib/libjli.dylib
0x00007fff35274000 	/System/Library/Frameworks/Cocoa.framework/Versions/A/Cocoa
0x00007fff2211c000 	/System/Library/Frameworks/Security.framework/Versions/A/Security
0x00007fff33471000 	/System/Library/Frameworks/ApplicationServices.framework/Versions/A/ApplicationServices
0x00007fff2a68e000 	/usr/lib/libSystem.B.dylib
0x00007fff2a688000 	/usr/lib/system/libcache.dylib
0x00007fff2a644000 	/usr/lib/system/libcommonCrypto.dylib
0x00007fff2a66e000 	/usr/lib/system/libcompiler_rt.dylib
0x00007fff2a663000 	/usr/lib/system/libcopyfile.dylib
0x00007fff200ba000 	/usr/lib/system/libcorecrypto.dylib
0x00007fff20187000 	/usr/lib/system/libdispatch.dylib
0x00007fff2033c000 	/usr/lib/system/libdyld.dylib
0x00007fff2a67f000 	/usr/lib/system/libkeymgr.dylib
0x00007fff2dc23000 	/usr/lib/system/liblaunch.dylib
0x00007fff2a622000 	/usr/lib/system/libmacho.dylib
0x00007fff29e37000 	/usr/lib/system/libquarantine.dylib
0x00007fff2a67c000 	/usr/lib/system/libremovefile.dylib
0x00007fff24ab3000 	/usr/lib/system/libsystem_asl.dylib
0x00007fff2006a000 	/usr/lib/system/libsystem_blocks.dylib
0x00007fff20209000 	/usr/lib/system/libsystem_c.dylib
0x00007fff2a676000 	/usr/lib/system/libsystem_collections.dylib
0x00007fff29224000 	/usr/lib/system/libsystem_configuration.dylib
0x00007fff28513000 	/usr/lib/system/libsystem_containermanager.dylib
0x00007fff2a3ba000 	/usr/lib/system/libsystem_coreservices.dylib
0x00007fff226d0000 	/usr/lib/system/libsystem_darwin.dylib
0x00007fff2a680000 	/usr/lib/system/libsystem_dnssd.dylib
0x00007fff20206000 	/usr/lib/system/libsystem_featureflags.dylib
0x00007fff20381000 	/usr/lib/system/libsystem_info.dylib
0x00007fff2a5d5000 	/usr/lib/system/libsystem_m.dylib
0x00007fff2015a000 	/usr/lib/system/libsystem_malloc.dylib
0x00007fff24a47000 	/usr/lib/system/libsystem_networkextension.dylib
0x00007fff22aeb000 	/usr/lib/system/libsystem_notify.dylib
0x00007fff300d7000 	/usr/lib/system/libsystem_product_info_filter.dylib
0x00007fff29228000 	/usr/lib/system/libsystem_sandbox.dylib
0x00007fff2a679000 	/usr/lib/system/libsystem_secinit.dylib
0x00007fff20301000 	/usr/lib/system/libsystem_kernel.dylib
0x00007fff20377000 	/usr/lib/system/libsystem_platform.dylib
0x00007fff20330000 	/usr/lib/system/libsystem_pthread.dylib
0x00007fff261e1000 	/usr/lib/system/libsystem_symptoms.dylib
0x00007fff200a2000 	/usr/lib/system/libsystem_trace.dylib
0x00007fff2a650000 	/usr/lib/system/libunwind.dylib
0x00007fff2006c000 	/usr/lib/system/libxpc.dylib
0x00007fff202e8000 	/usr/lib/libc++abi.dylib
0x00007fff201cc000 	/usr/lib/libobjc.A.dylib
0x00007fff2a65b000 	/usr/lib/liboah.dylib
0x00007fff20292000 	/usr/lib/libc++.1.dylib
0x00007fff203ad000 	/System/Library/Frameworks/CoreFoundation.framework/Versions/A/CoreFoundation
0x00007fff2108f000 	/System/Library/Frameworks/Foundation.framework/Versions/C/Foundation
0x00007fff22b43000 	/System/Library/Frameworks/AppKit.framework/Versions/C/AppKit
0x00007fff25a01000 	/System/Library/Frameworks/CoreData.framework/Versions/A/CoreData
0x00007fff238a6000 	/System/Library/PrivateFrameworks/UIFoundation.framework/Versions/A/UIFoundation
0x00007fff2fe50000 	/System/Library/PrivateFrameworks/RemoteViewServices.framework/Versions/A/RemoteViewServices
0x00007fff28bdd000 	/System/Library/PrivateFrameworks/XCTTargetBootstrap.framework/Versions/A/XCTTargetBootstrap
0x00007fff2b92c000 	/usr/lib/libspindump.dylib
0x00007fff23afb000 	/System/Library/Frameworks/UniformTypeIdentifiers.framework/Versions/A/UniformTypeIdentifiers
0x00007fff273b3000 	/usr/lib/libapp_launch_measurement.dylib
0x00007fff273b6000 	/System/Library/PrivateFrameworks/CoreAutoLayout.framework/Versions/A/CoreAutoLayout
0x00007fff2853f000 	/System/Library/Frameworks/Metal.framework/Versions/A/Metal
0x00007fff29233000 	/usr/lib/liblangid.dylib
0x00007fff28be1000 	/System/Library/PrivateFrameworks/CoreSVG.framework/Versions/A/CoreSVG
0x00007fff24ae2000 	/System/Library/PrivateFrameworks/SkyLight.framework/Versions/A/SkyLight
0x00007fff24e49000 	/System/Library/Frameworks/CoreGraphics.framework/Versions/A/CoreGraphics
0x00007fff304a7000 	/System/Library/Frameworks/Accelerate.framework/Versions/A/Accelerate
0x00007fff2b367000 	/System/Library/PrivateFrameworks/IconServices.framework/Versions/A/IconServices
0x00007fff28524000 	/System/Library/Frameworks/IOSurface.framework/Versions/A/IOSurface
0x00007fff26393000 	/usr/lib/libDiagnosticMessagesClient.dylib
0x00007fff28bc9000 	/System/Library/PrivateFrameworks/DFRFoundation.framework/Versions/A/DFRFoundation
0x00007fff2246e000 	/usr/lib/libicucore.A.dylib
0x00007fff2ce71000 	/System/Library/Frameworks/AudioToolbox.framework/Versions/A/AudioToolbox
0x00007fff2c116000 	/System/Library/PrivateFrameworks/DataDetectorsCore.framework/Versions/A/DataDetectorsCore
0x00007fff288c9000 	/System/Library/Frameworks/Carbon.framework/Versions/A/Frameworks/HIToolbox.framework/Versions/A/HIToolbox
0x00007fff26e0e000 	/System/Library/Frameworks/QuartzCore.framework/Versions/A/QuartzCore
0x00007fff2fe8c000 	/System/Library/Frameworks/Carbon.framework/Versions/A/Frameworks/SpeechRecognition.framework/Versions/A/SpeechRecognition
0x00007fff2711b000 	/System/Library/PrivateFrameworks/CoreUI.framework/Versions/A/CoreUI
0x00007fff21a77000 	/System/Library/Frameworks/CoreAudio.framework/Versions/A/CoreAudio
0x00007fff2647e000 	/System/Library/Frameworks/DiskArbitration.framework/Versions/A/DiskArbitration
0x00007fff2bd26000 	/System/Library/PrivateFrameworks/MultitouchSupport.framework/Versions/A/MultitouchSupport
0x00007fff2c10d000 	/System/Library/PrivateFrameworks/InternationalSupport.framework/Versions/A/InternationalSupport
0x00007fff24a56000 	/usr/lib/libenergytrace.dylib
0x00007fff22a3c000 	/System/Library/Frameworks/IOKit.framework/Versions/A/IOKit
0x00007fff301d9000 	/System/Library/Frameworks/CoreServices.framework/Versions/A/CoreServices
0x00007fff27349000 	/System/Library/PrivateFrameworks/PerformanceAnalysis.framework/Versions/A/PerformanceAnalysis
0x00007fff6cb4f000 	/System/Library/Frameworks/OpenGL.framework/Versions/A/OpenGL
0x00007fff2c192000 	/System/Library/PrivateFrameworks/UserActivity.framework/Versions/A/UserActivity
0x00007fff25503000 	/System/Library/Frameworks/ColorSync.framework/Versions/A/ColorSync
0x00007fff28e4a000 	/System/Library/Frameworks/CoreImage.framework/Versions/A/CoreImage
0x00007fff2188e000 	/System/Library/Frameworks/CoreText.framework/Versions/A/CoreText
0x00007fff28c0b000 	/System/Library/Frameworks/ImageIO.framework/Versions/A/ImageIO
0x00007fff2a694000 	/System/Library/PrivateFrameworks/SoftLinking.framework/Versions/A/SoftLinking
0x00007fff273ff000 	/usr/lib/libxml2.2.dylib
0x00007fff2a906000 	/usr/lib/libcompression.dylib
0x00007fff24a57000 	/usr/lib/libMobileGestalt.dylib
0x00007fff2c040000 	/System/Library/PrivateFrameworks/TextureIO.framework/Versions/A/TextureIO
0x00007fff2aff4000 	/usr/lib/libate.dylib
0x00007fff2ad1f000 	/usr/lib/liblzma.5.dylib
0x00007fff20da3000 	/System/Library/Frameworks/SystemConfiguration.framework/Versions/A/SystemConfiguration
0x00007fff2a690000 	/usr/lib/libfakelink.dylib
0x00007fff245a9000 	/System/Library/Frameworks/CFNetwork.framework/Versions/A/CFNetwork
0x00007fff2a7d0000 	/usr/lib/libarchive.2.dylib
0x00007fff20e21000 	/usr/lib/libCRFSuite.dylib
0x00007fff29e5e000 	/usr/lib/libbsm.0.dylib
0x00007fff23f65000 	/usr/lib/libnetwork.dylib
0x00007fff2a695000 	/usr/lib/libpcap.A.dylib
0x00007fff261da000 	/usr/lib/libdns_services.dylib
0x00007fff2ad38000 	/usr/lib/libcoretls_cfhelpers.dylib
0x00007fff2a8d4000 	/usr/lib/libapple_nghttp2.dylib
0x00007fff2a628000 	/usr/lib/system/libkxld.dylib
0x00007fff25e48000 	/usr/lib/libsqlite3.dylib
0x00007fff2a39c000 	/System/Library/PrivateFrameworks/AppleFSCompression.framework/Versions/A/AppleFSCompression
0x00007fff29e46000 	/usr/lib/libcoretls.dylib
0x00007fff2a901000 	/usr/lib/libpam.2.dylib
0x00007fff2ae35000 	/usr/lib/libxar.1.dylib
0x00007fff2922f000 	/System/Library/PrivateFrameworks/AppleSystemInfo.framework/Versions/A/AppleSystemInfo
0x00007fff29a89000 	/System/Library/PrivateFrameworks/IOMobileFramebuffer.framework/Versions/A/IOMobileFramebuffer
0x00007fff2a3ac000 	/usr/lib/libbz2.1.0.dylib
0x00007fff2a6cd000 	/usr/lib/libiconv.2.dylib
0x00007fff2a621000 	/usr/lib/libcharset.1.dylib
0x00007fff27385000 	/System/Library/Frameworks/CoreServices.framework/Versions/A/Frameworks/FSEvents.framework/Versions/A/FSEvents
0x00007fff226da000 	/System/Library/Frameworks/CoreServices.framework/Versions/A/Frameworks/CarbonCore.framework/Versions/A/CarbonCore
0x00007fff263e3000 	/System/Library/Frameworks/CoreServices.framework/Versions/A/Frameworks/Metadata.framework/Versions/A/Metadata
0x00007fff2a3bf000 	/System/Library/Frameworks/CoreServices.framework/Versions/A/Frameworks/OSServices.framework/Versions/A/OSServices
0x00007fff2a842000 	/System/Library/Frameworks/CoreServices.framework/Versions/A/Frameworks/SearchKit.framework/Versions/A/SearchKit
0x00007fff26164000 	/System/Library/Frameworks/CoreServices.framework/Versions/A/Frameworks/AE.framework/Versions/A/AE
0x00007fff20849000 	/System/Library/Frameworks/CoreServices.framework/Versions/A/Frameworks/LaunchServices.framework/Versions/A/LaunchServices
0x00007fff2acd0000 	/System/Library/Frameworks/CoreServices.framework/Versions/A/Frameworks/DictionaryServices.framework/Versions/A/DictionaryServices
0x00007fff2738e000 	/System/Library/Frameworks/CoreServices.framework/Versions/A/Frameworks/SharedFileList.framework/Versions/A/SharedFileList
0x00007fff29e3a000 	/usr/lib/libCheckFix.dylib
0x00007fff24aca000 	/System/Library/PrivateFrameworks/TCC.framework/Versions/A/TCC
0x00007fff29235000 	/System/Library/PrivateFrameworks/CoreNLP.framework/Versions/A/CoreNLP
0x00007fff26396000 	/System/Library/PrivateFrameworks/MetadataUtilities.framework/Versions/A/MetadataUtilities
0x00007fff20e57000 	/usr/lib/libmecabra.dylib
0x00007fff2a14e000 	/System/Library/Frameworks/MLCompute.framework/Versions/A/MLCompute
0x00007fff29e6f000 	/usr/lib/libmecab.dylib
0x00007fff29eb9000 	/usr/lib/libgermantok.dylib
0x00007fff2a8aa000 	/usr/lib/libThaiTokenizer.dylib
0x00007fff2ae70000 	/usr/lib/libChineseTokenizer.dylib
0x00007fff2a8ff000 	/System/Library/Frameworks/MetalPerformanceShaders.framework/Versions/A/MetalPerformanceShaders
0x00007fff26485000 	/System/Library/Frameworks/Accelerate.framework/Versions/A/Frameworks/vImage.framework/Versions/A/vImage
0x00007fff301b2000 	/System/Library/Frameworks/Accelerate.framework/Versions/A/Frameworks/vecLib.framework/Versions/A/vecLib
0x00007fff2ae7b000 	/System/Library/Frameworks/Accelerate.framework/Versions/A/Frameworks/vecLib.framework/Versions/A/libvMisc.dylib
0x00007fff298e5000 	/System/Library/Frameworks/Accelerate.framework/Versions/A/Frameworks/vecLib.framework/Versions/A/libvDSP.dylib
0x00007fff20b4d000 	/System/Library/Frameworks/Accelerate.framework/Versions/A/Frameworks/vecLib.framework/Versions/A/libBLAS.dylib
0x00007fff2a925000 	/System/Library/Frameworks/Accelerate.framework/Versions/A/Frameworks/vecLib.framework/Versions/A/libLAPACK.dylib
0x00007fff29ebf000 	/System/Library/Frameworks/Accelerate.framework/Versions/A/Frameworks/vecLib.framework/Versions/A/libLinearAlgebra.dylib
0x00007fff2a8ec000 	/System/Library/Frameworks/Accelerate.framework/Versions/A/Frameworks/vecLib.framework/Versions/A/libSparseBLAS.dylib
0x00007fff2a91f000 	/System/Library/Frameworks/Accelerate.framework/Versions/A/Frameworks/vecLib.framework/Versions/A/libQuadrature.dylib
0x00007fff292dd000 	/System/Library/Frameworks/Accelerate.framework/Versions/A/Frameworks/vecLib.framework/Versions/A/libBNNS.dylib
0x00007fff20d34000 	/System/Library/Frameworks/Accelerate.framework/Versions/A/Frameworks/vecLib.framework/Versions/A/libSparse.dylib
0x00007fff291c8000 	/System/Library/Frameworks/MetalPerformanceShaders.framework/Versions/A/Frameworks/MPSCore.framework/Versions/A/MPSCore
0x00007fff2a30b000 	/System/Library/Frameworks/MetalPerformanceShaders.framework/Versions/A/Frameworks/MPSImage.framework/Versions/A/MPSImage
0x00007fff29ed6000 	/System/Library/Frameworks/MetalPerformanceShaders.framework/Versions/A/Frameworks/MPSNeuralNetwork.framework/Versions/A/MPSNeuralNetwork
0x00007fff2a296000 	/System/Library/Frameworks/MetalPerformanceShaders.framework/Versions/A/Frameworks/MPSMatrix.framework/Versions/A/MPSMatrix
0x00007fff2a0fe000 	/System/Library/Frameworks/MetalPerformanceShaders.framework/Versions/A/Frameworks/MPSRayIntersector.framework/Versions/A/MPSRayIntersector
0x00007fff2a2cd000 	/System/Library/Frameworks/MetalPerformanceShaders.framework/Versions/A/Frameworks/MPSNDArray.framework/Versions/A/MPSNDArray
0x00007fff20a79000 	/System/Library/PrivateFrameworks/MetalTools.framework/Versions/A/MetalTools
0x00007fff2922d000 	/System/Library/PrivateFrameworks/AggregateDictionary.framework/Versions/A/AggregateDictionary
0x00007fff2636e000 	/System/Library/PrivateFrameworks/CoreAnalytics.framework/Versions/A/CoreAnalytics
0x00007fff2a8ac000 	/System/Library/PrivateFrameworks/AppleSauce.framework/Versions/A/AppleSauce
0x00007fff28536000 	/System/Library/PrivateFrameworks/IOAccelerator.framework/Versions/A/IOAccelerator
0x00007fff6cb43000 	/System/Library/Frameworks/OpenGL.framework/Versions/A/Libraries/libCoreFSCache.dylib
0x00007fff213f3000 	/System/Library/PrivateFrameworks/LanguageModeling.framework/Versions/A/LanguageModeling
0x00007fff29a76000 	/System/Library/PrivateFrameworks/CoreEmoji.framework/Versions/A/CoreEmoji
0x00007fff292d6000 	/System/Library/PrivateFrameworks/LinguisticData.framework/Versions/A/LinguisticData
0x00007fff20ce6000 	/System/Library/PrivateFrameworks/Lexicon.framework/Versions/A/Lexicon
0x00007fff2a7be000 	/usr/lib/libcmph.dylib
0x00007fff27365000 	/System/Library/Frameworks/OpenDirectory.framework/Versions/A/Frameworks/CFOpenDirectory.framework/Versions/A/CFOpenDirectory
0x00007fff27355000 	/System/Library/Frameworks/OpenDirectory.framework/Versions/A/OpenDirectory
0x00007fff2ad3a000 	/System/Library/PrivateFrameworks/APFS.framework/Versions/A/APFS
0x00007fff29d9b000 	/System/Library/Frameworks/SecurityFoundation.framework/Versions/A/SecurityFoundation
0x00007fff2ae43000 	/usr/lib/libutil.dylib
0x00007fff22a01000 	/System/Library/PrivateFrameworks/CoreServicesStore.framework/Versions/A/CoreServicesStore
0x00007fff29e32000 	/System/Library/Frameworks/ServiceManagement.framework/Versions/A/ServiceManagement
0x00007fff2ae47000 	/usr/lib/libxslt.1.dylib
0x00007fff29e28000 	/System/Library/PrivateFrameworks/BackgroundTaskManagement.framework/Versions/A/BackgroundTaskManagement
0x00007fff2bf8b000 	/System/Library/Frameworks/ImageIO.framework/Versions/A/Resources/libRadiance.dylib
0x00007fff2bf94000 	/System/Library/Frameworks/ImageIO.framework/Versions/A/Resources/libJPEG.dylib
0x00007fff2bee0000 	/System/Library/Frameworks/ImageIO.framework/Versions/A/Resources/libPng.dylib
0x00007fff2bf07000 	/System/Library/Frameworks/ImageIO.framework/Versions/A/Resources/libTIFF.dylib
0x00007fff2bfe9000 	/System/Library/Frameworks/ImageIO.framework/Versions/A/Resources/libGIF.dylib
0x00007fff2bc44000 	/System/Library/Frameworks/ImageIO.framework/Versions/A/Resources/libJP2.dylib
0x00007fff2b32e000 	/usr/lib/libexpat.1.dylib
0x00007fff2bbf9000 	/System/Library/PrivateFrameworks/AppleJPEG.framework/Versions/A/AppleJPEG
0x00007fff2876c000 	/System/Library/PrivateFrameworks/FontServices.framework/libFontParser.dylib
0x00007fff26118000 	/System/Library/PrivateFrameworks/RunningBoardServices.framework/Versions/A/RunningBoardServices
0x00007fff2bd22000 	/System/Library/PrivateFrameworks/WatchdogClient.framework/Versions/A/WatchdogClient
0x00007fff214e0000 	/System/Library/Frameworks/CoreDisplay.framework/Versions/A/CoreDisplay
0x00007fff28682000 	/System/Library/Frameworks/CoreMedia.framework/Versions/A/CoreMedia
0x00007fff274e2000 	/System/Library/Frameworks/CoreVideo.framework/Versions/A/CoreVideo
0x00007fff2bd5a000 	/System/Library/Frameworks/VideoToolbox.framework/Versions/A/VideoToolbox
0x00007fff26096000 	/System/Library/PrivateFrameworks/BaseBoard.framework/Versions/A/BaseBoard
0x00007fff2b473000 	/System/Library/PrivateFrameworks/PersistentConnection.framework/Versions/A/PersistentConnection
0x00007fff25e31000 	/System/Library/PrivateFrameworks/ProtocolBuffer.framework/Versions/A/ProtocolBuffer
0x00007fff2607d000 	/System/Library/PrivateFrameworks/CommonUtilities.framework/Versions/A/CommonUtilities
0x00007fff2bb8e000 	/System/Library/PrivateFrameworks/Bom.framework/Versions/A/Bom
0x00007fff2bf84000 	/System/Library/PrivateFrameworks/GPUWrangler.framework/Versions/A/GPUWrangler
0x00007fff2bf67000 	/System/Library/PrivateFrameworks/IOPresentment.framework/Versions/A/IOPresentment
0x00007fff2bf8e000 	/System/Library/PrivateFrameworks/DSExternalDisplay.framework/Versions/A/DSExternalDisplay
0x00007fff2bfee000 	/System/Library/PrivateFrameworks/CMCaptureCore.framework/Versions/A/CMCaptureCore
0x00007fff2b913000 	/System/Library/PrivateFrameworks/AppServerSupport.framework/Versions/A/AppServerSupport
0x00007fff2d9c2000 	/System/Library/PrivateFrameworks/perfdata.framework/Versions/A/perfdata
0x00007fff29d8a000 	/System/Library/PrivateFrameworks/AssertionServices.framework/Versions/A/AssertionServices
0x00007fff21617000 	/System/Library/PrivateFrameworks/AudioToolboxCore.framework/Versions/A/AudioToolboxCore
0x00007fff28665000 	/System/Library/PrivateFrameworks/caulk.framework/Versions/A/caulk
0x00007fff3d66d000 	/System/Library/PrivateFrameworks/SystemPolicy.framework/Versions/A/SystemPolicy
0x00007fff2b123000 	/usr/lib/libIOReport.dylib
0x00007fff2d1e4000 	/usr/lib/libSMC.dylib
0x00007fff2bead000 	/usr/lib/libAudioToolboxUtility.dylib
0x00007fff3dfd7000 	/usr/lib/libmis.dylib
0x00007fff6cb9f000 	/System/Library/Frameworks/OpenGL.framework/Versions/A/Libraries/libGLU.dylib
0x00007fff6cb62000 	/System/Library/Frameworks/OpenGL.framework/Versions/A/Libraries/libGFXShared.dylib
0x00007fff6cd71000 	/System/Library/Frameworks/OpenGL.framework/Versions/A/Libraries/libGL.dylib
0x00007fff6cb6b000 	/System/Library/Frameworks/OpenGL.framework/Versions/A/Libraries/libGLImage.dylib
0x00007fff6cb5f000 	/System/Library/Frameworks/OpenGL.framework/Versions/A/Libraries/libCVMSPluginSupport.dylib
0x00007fff6cb4a000 	/System/Library/Frameworks/OpenGL.framework/Versions/A/Libraries/libCoreVMClient.dylib
0x00007fff6e1b2000 	/System/Library/Frameworks/OpenCL.framework/Versions/A/OpenCL
0x00007fff2b49d000 	/System/Library/PrivateFrameworks/GraphVisualizer.framework/Versions/A/GraphVisualizer
0x00007fff2b4ac000 	/System/Library/PrivateFrameworks/FaceCore.framework/Versions/A/FaceCore
0x00007fff2b8c8000 	/System/Library/PrivateFrameworks/OTSVG.framework/Versions/A/OTSVG
0x00007fff270d9000 	/System/Library/Frameworks/ApplicationServices.framework/Versions/A/Frameworks/ATS.framework/Versions/A/Resources/libFontRegistry.dylib
0x00007fff2b91a000 	/System/Library/PrivateFrameworks/FontServices.framework/libhvf.dylib
0x00007fff2b2da000 	/System/Library/PrivateFrameworks/AppleVA.framework/Versions/A/AppleVA
0x00007fff2d02d000 	/System/Library/Frameworks/ApplicationServices.framework/Versions/A/Frameworks/ATS.framework/Versions/A/ATS
0x00007fff2d33f000 	/System/Library/Frameworks/ApplicationServices.framework/Versions/A/Frameworks/ColorSyncLegacy.framework/Versions/A/ColorSyncLegacy
0x00007fff255fa000 	/System/Library/Frameworks/ApplicationServices.framework/Versions/A/Frameworks/HIServices.framework/Versions/A/HIServices
0x00007fff2d324000 	/System/Library/Frameworks/ApplicationServices.framework/Versions/A/Frameworks/LangAnalysis.framework/Versions/A/LangAnalysis
0x00007fff2bff8000 	/System/Library/Frameworks/ApplicationServices.framework/Versions/A/Frameworks/PrintCore.framework/Versions/A/PrintCore
0x00007fff2d347000 	/System/Library/Frameworks/ApplicationServices.framework/Versions/A/Frameworks/QD.framework/Versions/A/QD
0x00007fff2d01d000 	/System/Library/Frameworks/ApplicationServices.framework/Versions/A/Frameworks/SpeechSynthesis.framework/Versions/A/SpeechSynthesis
0x00007fff2bfb9000 	/System/Library/Frameworks/ApplicationServices.framework/Versions/A/Frameworks/ATSUI.framework/Versions/A/ATSUI
0x00007fff2d2c4000 	/usr/lib/libcups.2.dylib
0x00007fff2d334000 	/System/Library/PrivateFrameworks/NetAuth.framework/Versions/A/NetAuth
0x00007fff2d9de000 	/System/Library/Frameworks/Kerberos.framework/Versions/A/Kerberos
0x00007fff2d9ee000 	/System/Library/Frameworks/GSS.framework/Versions/A/GSS
0x00007fff2d099000 	/usr/lib/libresolv.9.dylib
0x00007fff2b92f000 	/System/Library/PrivateFrameworks/Heimdal.framework/Versions/A/Heimdal
0x00007fff33772000 	/System/Library/Frameworks/Kerberos.framework/Versions/A/Libraries/libHeimdalProxy.dylib
0x00007fff261e9000 	/System/Library/Frameworks/Network.framework/Versions/A/Network
0x00007fff2b348000 	/usr/lib/libheimdal-asn1.dylib
0x00007fff2da3e000 	/System/Library/PrivateFrameworks/CommonAuth.framework/Versions/A/CommonAuth
0x00007fff2752f000 	/System/Library/PrivateFrameworks/login.framework/Versions/A/Frameworks/loginsupport.framework/Versions/A/loginsupport
0x00007fff2cfa2000 	/System/Library/PrivateFrameworks/AudioSession.framework/Versions/A/AudioSession
0x00007fff2d00a000 	/usr/lib/libAudioStatistics.dylib
0x00007fff2b3d5000 	/System/Library/PrivateFrameworks/MediaExperience.framework/Versions/A/MediaExperience
0x00007fff2ce3f000 	/System/Library/PrivateFrameworks/AudioSession.framework/libSessionUtility.dylib
0x00007fff2d9cf000 	/usr/lib/libperfcheck.dylib
0x00007fff2d353000 	/System/Library/PrivateFrameworks/AudioResourceArbitration.framework/Versions/A/AudioResourceArbitration
0x00007fff2b352000 	/System/Library/PrivateFrameworks/IconFoundation.framework/Versions/A/IconFoundation
0x00007fff2fe7c000 	/System/Library/PrivateFrameworks/SpeechRecognitionCore.framework/Versions/A/SpeechRecognitionCore
0x00007fff5df79000 	/System/Library/CoreServices/Encodings/libKoreanConverter.dylib
0x000000010c800000 	/Library/Java/JavaVirtualMachines/jdk-16.jdk/Contents/Home/lib/server/libjvm.dylib
0x000000010840d000 	/Library/Java/JavaVirtualMachines/jdk-16.jdk/Contents/Home/lib/libjimage.dylib
0x0000000108468000 	/Library/Java/JavaVirtualMachines/jdk-16.jdk/Contents/Home/lib/libjava.dylib


VM Arguments:
jvm_args: -Dfile.encoding=UTF-8 -XX:+ShowCodeDetailsInExceptionMessages 
java_command: Main
java_class_path (initial): /Users/bagbyeonghwi/Desktop/Study/Algorithm/BOJ2004/bin
Launcher Type: SUN_STANDARD

[Global flags]
     intx CICompilerCount                          = 4                                         {product} {ergonomic}
     uint ConcGCThreads                            = 2                                         {product} {ergonomic}
     uint G1ConcRefinementThreads                  = 8                                         {product} {ergonomic}
   size_t G1HeapRegionSize                         = 2097152                                   {product} {ergonomic}
    uintx GCDrainStackTargetSize                   = 64                                        {product} {ergonomic}
   size_t InitialHeapSize                          = 268435456                                 {product} {ergonomic}
   size_t MarkStackSize                            = 4194304                                   {product} {ergonomic}
   size_t MaxHeapSize                              = 4294967296                                {product} {ergonomic}
   size_t MaxNewSize                               = 2575302656                                {product} {ergonomic}
   size_t MinHeapDeltaBytes                        = 2097152                                   {product} {ergonomic}
   size_t MinHeapSize                              = 8388608                                   {product} {ergonomic}
    uintx NonNMethodCodeHeapSize                   = 5839372                                {pd product} {ergonomic}
    uintx NonProfiledCodeHeapSize                  = 122909434                              {pd product} {ergonomic}
    uintx ProfiledCodeHeapSize                     = 122909434                              {pd product} {ergonomic}
    uintx ReservedCodeCacheSize                    = 251658240                              {pd product} {ergonomic}
     bool SegmentedCodeCache                       = true                                      {product} {ergonomic}
     bool ShowCodeDetailsInExceptionMessages       = true                                   {manageable} {command line}
   size_t SoftMaxHeapSize                          = 4294967296                             {manageable} {ergonomic}
     bool UseCompressedClassPointers               = true                           {product lp64_product} {ergonomic}
     bool UseCompressedOops                        = true                           {product lp64_product} {ergonomic}
     bool UseG1GC                                  = true                                      {product} {ergonomic}
     bool UseNUMA                                  = false                                     {product} {ergonomic}
     bool UseNUMAInterleaving                      = false                                     {product} {ergonomic}

Logging:
Log output configuration:
 #0: stdout all=warning uptime,level,tags
 #1: stderr all=off uptime,level,tags

Environment Variables:
PATH=/usr/bin:/bin:/usr/sbin:/sbin
SHELL=/bin/zsh

Signal Handlers:
SIGSEGV: [libjvm.dylib+0xa7be40], sa_mask[0]=11100110100111111111111111111111, sa_flags=SA_ONSTACK|SA_RESTART|SA_SIGINFO
SIGBUS: [libjvm.dylib+0xa7be40], sa_mask[0]=11100110100111111111111111111111, sa_flags=SA_RESTART|SA_SIGINFO
SIGFPE: [libjvm.dylib+0xa7be40], sa_mask[0]=11100110100111111111111111111111, sa_flags=SA_RESTART|SA_SIGINFO
SIGPIPE: [libjvm.dylib+0x945d70], sa_mask[0]=11100110100111111111111111111111, sa_flags=SA_RESTART|SA_SIGINFO
SIGXFSZ: [libjvm.dylib+0x945d70], sa_mask[0]=11100110100111111111111111111111, sa_flags=SA_RESTART|SA_SIGINFO
SIGILL: [libjvm.dylib+0xa7be40], sa_mask[0]=11100110100111111111111111111111, sa_flags=SA_RESTART|SA_SIGINFO
SIGUSR2: [libjvm.dylib+0x946820], sa_mask[0]=00100000000000000000000000000000, sa_flags=SA_RESTART|SA_SIGINFO
SIGHUP: [libjvm.dylib+0x944de0], sa_mask[0]=11100110100111111111111111111111, sa_flags=SA_RESTART|SA_SIGINFO
SIGINT: [libjvm.dylib+0x944de0], sa_mask[0]=11100110100111111111111111111111, sa_flags=SA_RESTART|SA_SIGINFO
SIGTERM: [libjvm.dylib+0x944de0], sa_mask[0]=11100110100111111111111111111111, sa_flags=SA_RESTART|SA_SIGINFO
SIGQUIT: [libjvm.dylib+0x944de0], sa_mask[0]=11100110100111111111111111111111, sa_flags=SA_RESTART|SA_SIGINFO
SIGTRAP: [libjvm.dylib+0xa7be40], sa_mask[0]=11100110100111111111111111111111, sa_flags=SA_RESTART|SA_SIGINFO


---------------  S Y S T E M  ---------------

OS:uname: Darwin 20.3.0 Darwin Kernel Version 20.3.0: Thu Jan 21 00:06:51 PST 2021; root:xnu-7195.81.3~1/RELEASE_ARM64_T8101 x86_64
OS uptime: 0 days 23:35 hours
rlimit (soft/hard): STACK 8176k/65520k , CORE 0k/infinity , NPROC 2666/4000 , NOFILE 10240/infinity , AS infinity/infinity , CPU infinity/infinity , DATA infinity/infinity , FSIZE infinity/infinity , MEMLOCK infinity/infinity , RSS infinity/infinity
load average: 1.50 1.45 1.48

CPU: total 8 (initial active 8) (1 cores per cpu, 1 threads per core) family 6 model 44 stepping 0 microcode 0x0, cx8, cmov, fxsr, mmx, sse, sse2, sse3, ssse3, sse4.1, sse4.2, popcnt, tsc, tscinvbit, aes, clmul, clflush

Memory: 4k page, physical 16777216k(39308k free), swap 0k(0k free)

vm_info: Java HotSpot(TM) 64-Bit Server VM (16+36-2231) for bsd-amd64 JRE (16+36-2231), built on Feb  8 2021 11:41:03 by "mach5one" with clang 4.2.1 Compatible Apple LLVM 11.0.0 (clang-1100.0.33.17)

END.
